<?xml version="1.0" encoding="UTF-8"?>
<!-- Generated by org.testng.reporters.JUnitReportReporter -->
<testsuite hostname="LAPTOP-FD6SDTLA" failures="0" tests="4" name="testMavenp.MavenTestng" time="0.043" errors="0" timestamp="2025-09-03T13:44:31 IST" skipped="0">
  <testcase classname="testMavenp.MavenTestng" name="a" time="0.023"/>
  <system-out/>
  <testcase classname="testMavenp.MavenTestng" name="baer" time="0.007"/>
  <system-out/>
  <testcase classname="testMavenp.MavenTestng" name="dear" time="0.004"/>
  <system-out/>
  <testcase classname="testMavenp.MavenTestng" name="bear" time="0.009"/>
  <system-out/>
</testsuite> <!-- testMavenp.MavenTestng -->
